\BOOKMARK [1][-]{section.0.1}{\376\377\000I\000n\000t\000r\000o\000d\000u\000c\000t\000i\000o\000n}{}% 1
\BOOKMARK [1][-]{section.0.2}{\376\377\000P\000r\000e\000l\000i\000m\000i\000n\000a\000r\000i\000e\000s}{}% 2
\BOOKMARK [2][-]{subsection.0.2.1}{\376\377\000R\000D\000F}{section.0.2}% 3
\BOOKMARK [2][-]{subsection.0.2.2}{\376\377\000S\000P\000A\000R\000Q\000L}{section.0.2}% 4
\BOOKMARK [2][-]{subsection.0.2.3}{\376\377\000W\000i\000k\000i\000d\000a\000t\000a}{section.0.2}% 5
\BOOKMARK [1][-]{section.0.3}{\376\377\000G\000r\000a\000p\000h\000Q\000L}{}% 6
\BOOKMARK [2][-]{subsection.0.3.1}{\376\377\000G\000r\000a\000p\000h\000Q\000L\000\040\000v\000s\000\040\000S\000P\000A\000R\000Q\000L}{section.0.3}% 7
\BOOKMARK [1][-]{section.0.4}{\376\377\000L\000i\000t\000e\000r\000a\000t\000u\000r\000e\000\040\000R\000e\000v\000i\000e\000w}{}% 8
\BOOKMARK [1][-]{section.0.5}{\376\377\000G\000r\000a\000p\000h\000Q\000L\000-\000L\000D}{}% 9
\BOOKMARK [2][-]{subsection.0.5.1}{\376\377\000J\000S\000O\000N\000-\000L\000D}{section.0.5}% 10
\BOOKMARK [2][-]{subsection.0.5.2}{\376\377\000U\000s\000i\000n\000g\000\040\000G\000r\000a\000p\000h\000q\000l\000-\000L\000D\000\040\000w\000i\000t\000h\000\040\000W\000i\000k\000i\000d\000a\000t\000a}{section.0.5}% 11
\BOOKMARK [1][-]{section.0.6}{\376\377\000H\000y\000p\000e\000r\000g\000r\000a\000p\000h\000Q\000L}{}% 12
\BOOKMARK [2][-]{subsection.0.6.1}{\376\377\000S\000c\000h\000e\000m\000a}{section.0.6}% 13
\BOOKMARK [2][-]{subsection.0.6.2}{\376\377\000U\000s\000i\000n\000g\000\040\000H\000y\000p\000e\000r\000g\000r\000a\000p\000h\000Q\000L\000\040\000w\000i\000t\000h\000\040\000W\000i\000k\000i\000d\000a\000t\000a}{section.0.6}% 14
\BOOKMARK [1][-]{section.0.7}{\376\377\000G\000r\000a\000p\000h\000Q\000L\000\040\000v\000s\000\040\000g\000e\000n\000e\000r\000a\000t\000e\000d\000\040\000S\000P\000A\000R\000Q\000L\000\040\000q\000u\000e\000r\000i\000e\000s}{}% 15
\BOOKMARK [1][-]{section.0.8}{\376\377\000D\000i\000f\000f\000e\000r\000e\000n\000c\000e\000s\000\040\000b\000e\000t\000w\000e\000e\000n\000\040\000t\000h\000e\000\040\000g\000e\000n\000e\000r\000a\000t\000e\000d\000\040\000S\000P\000A\000R\000Q\000L\000\040\000q\000u\000e\000r\000i\000e\000s\000\040\000b\000y\000\040\000b\000o\000t\000h\000\040\000t\000o\000o\000l\000s}{}% 16
\BOOKMARK [1][-]{section.0.9}{\376\377\000P\000e\000r\000f\000o\000r\000m\000a\000n\000c\000e\000\040\000E\000v\000a\000l\000u\000a\000t\000i\000o\000n}{}% 17
\BOOKMARK [1][-]{section.0.10}{\376\377\000E\000f\000f\000o\000r\000t\000\040\000f\000o\000r\000\040\000t\000h\000e\000\040\000s\000e\000t\000u\000p}{}% 18
\BOOKMARK [1][-]{section.0.11}{\376\377\000D\000e\000f\000a\000u\000l\000t\000\040\000c\000o\000n\000t\000e\000x\000t}{}% 19
\BOOKMARK [1][-]{section.0.12}{\376\377\000R\000e\000p\000o\000s\000i\000t\000o\000r\000y}{}% 20
\BOOKMARK [1][-]{section.0.13}{\376\377\000C\000h\000a\000l\000l\000e\000n\000g\000e\000s\000\040\000f\000a\000c\000e\000d\000\040\000a\000n\000d\000\040\000C\000o\000n\000c\000l\000u\000s\000i\000o\000n}{}% 21
\BOOKMARK [0][-]{chapter*.11}{\376\377\000B\000i\000b\000l\000i\000o\000g\000r\000a\000p\000h\000y}{}% 22
